<?xml version="1.0" encoding="UTF-8"?>
<testsuite name="com.emse.spring.automacorp.hello.DummyUserServiceTest" tests="1" skipped="0" failures="0" errors="0" timestamp="2023-12-03T22:16:21" hostname="DESKTOP-35ABBQB" time="0.009">
  <properties/>
  <testcase name="testGreetingAll(CapturedOutput)" classname="com.emse.spring.automacorp.hello.DummyUserServiceTest" time="0.009"/>
  <system-out><![CDATA[Hello, Elodie!
Hello, Charles!
]]></system-out>
  <system-err><![CDATA[]]></system-err>
</testsuite>
