<?xml version="1.0" encoding="UTF-8"?>
<testsuite name="com.emse.spring.automacorp.dao.SensorDaoTest" tests="1" skipped="0" failures="0" errors="0" timestamp="2023-12-03T22:16:21" hostname="DESKTOP-35ABBQB" time="0.028">
  <properties/>
  <testcase name="shouldFindASensorByID()" classname="com.emse.spring.automacorp.dao.SensorDaoTest" time="0.028"/>
  <system-out><![CDATA[2023-12-03T23:16:21.113+01:00  INFO 5196 --- [    Test worker] t.c.s.AnnotationConfigContextLoaderUtils : Could not detect default configuration classes for test class [com.emse.spring.automacorp.dao.SensorDaoTest]: SensorDaoTest does not declare any static, non-private, non-final, nested classes annotated with @Configuration.
2023-12-03T23:16:21.130+01:00  INFO 5196 --- [    Test worker] .b.t.c.SpringBootTestContextBootstrapper : Found @SpringBootConfiguration com.emse.spring.automacorp.AutomacorpApplication for test class com.emse.spring.automacorp.dao.SensorDaoTest
Hibernate: select s1_0.id,s1_0.name,s1_0.sensor_type,s1_0.sensor_value from sp_sensor s1_0 where s1_0.id=?
]]></system-out>
  <system-err><![CDATA[]]></system-err>
</testsuite>
