<?xml version="1.0" encoding="UTF-8"?>
<testsuite name="com.emse.spring.automacorp.dao.RoomDaoTest" tests="1" skipped="0" failures="0" errors="0" timestamp="2023-12-03T22:16:20" hostname="DESKTOP-35ABBQB" time="0.153">
  <properties/>
  <testcase name="shouldFindARoomByID()" classname="com.emse.spring.automacorp.dao.RoomDaoTest" time="0.153"/>
  <system-out><![CDATA[2023-12-03T23:16:19.870+01:00  INFO 5196 --- [    Test worker] t.c.s.AnnotationConfigContextLoaderUtils : Could not detect default configuration classes for test class [com.emse.spring.automacorp.dao.RoomDaoTest]: RoomDaoTest does not declare any static, non-private, non-final, nested classes annotated with @Configuration.
2023-12-03T23:16:19.965+01:00  INFO 5196 --- [    Test worker] .b.t.c.SpringBootTestContextBootstrapper : Found @SpringBootConfiguration com.emse.spring.automacorp.AutomacorpApplication for test class com.emse.spring.automacorp.dao.RoomDaoTest

  .   ____          _            __ _ _
 /\\ / ___'_ __ _ _(_)_ __  __ _ \ \ \ \
( ( )\___ | '_ | '_| | '_ \/ _` | \ \ \ \
 \\/  ___)| |_)| | | | | || (_| |  ) ) ) )
  '  |____| .__|_| |_|_| |_\__, | / / / /
 =========|_|==============|___/=/_/_/_/
 :: Spring Boot ::                (v3.1.4)

2023-12-03T23:16:20.040+01:00  INFO 5196 --- [    Test worker] c.e.spring.automacorp.dao.RoomDaoTest    : Starting RoomDaoTest using Java 17.0.8 with PID 5196 (started by HP in C:\Users\HP\Documents\07. EMSE\TB3- Web movil and embeded programming\01. WEB\Pruebas\automacorp)
2023-12-03T23:16:20.040+01:00  INFO 5196 --- [    Test worker] c.e.spring.automacorp.dao.RoomDaoTest    : No active profile set, falling back to 1 default profile: "default"
2023-12-03T23:16:20.263+01:00  INFO 5196 --- [    Test worker] .s.d.r.c.RepositoryConfigurationDelegate : Bootstrapping Spring Data JPA repositories in DEFAULT mode.
2023-12-03T23:16:20.291+01:00  INFO 5196 --- [    Test worker] .s.d.r.c.RepositoryConfigurationDelegate : Finished Spring Data repository scanning in 24 ms. Found 3 JPA repository interfaces.
2023-12-03T23:16:20.325+01:00  INFO 5196 --- [    Test worker] beddedDataSourceBeanFactoryPostProcessor : Replacing 'dataSource' DataSource bean with embedded version
2023-12-03T23:16:20.406+01:00  INFO 5196 --- [    Test worker] o.s.j.d.e.EmbeddedDatabaseFactory        : Starting embedded database: url='jdbc:h2:mem:e8c9c7d9-c5d3-41ce-8921-d3fd6222da80;DB_CLOSE_DELAY=-1;DB_CLOSE_ON_EXIT=false', username='sa'
2023-12-03T23:16:20.457+01:00  INFO 5196 --- [    Test worker] o.hibernate.jpa.internal.util.LogHelper  : HHH000204: Processing PersistenceUnitInfo [name: default]
2023-12-03T23:16:20.475+01:00  INFO 5196 --- [    Test worker] o.h.b.i.BytecodeProviderInitiator        : HHH000021: Bytecode provider name : bytebuddy
2023-12-03T23:16:20.475+01:00  INFO 5196 --- [    Test worker] o.s.o.j.p.SpringPersistenceUnitInfo      : No LoadTimeWeaver setup: ignoring JPA class transformer
2023-12-03T23:16:20.513+01:00  INFO 5196 --- [    Test worker] o.h.b.i.BytecodeProviderInitiator        : HHH000021: Bytecode provider name : bytebuddy
2023-12-03T23:16:20.615+01:00  INFO 5196 --- [    Test worker] o.h.e.t.j.p.i.JtaPlatformInitiator       : HHH000490: Using JtaPlatform implementation: [org.hibernate.engine.transaction.jta.platform.internal.NoJtaPlatform]
Hibernate: drop table if exists room cascade 
Hibernate: drop table if exists sp_sensor cascade 
Hibernate: drop table if exists sp_window cascade 
Hibernate: drop sequence if exists room_seq
Hibernate: drop sequence if exists sp_sensor_seq
Hibernate: drop sequence if exists sp_window_seq
Hibernate: create sequence room_seq start with 1 increment by 50
Hibernate: create sequence sp_sensor_seq start with 1 increment by 50
Hibernate: create sequence sp_window_seq start with 1 increment by 50
Hibernate: create table room (floor integer not null, target_temperature float(53), id bigint not null, temperature_id bigint unique, name varchar(255) not null, primary key (id))
Hibernate: create table sp_sensor (sensor_value float(53), id bigint not null, name varchar(255) not null, sensor_type varchar(255) check (sensor_type in ('TEMPERATURE','POWER','STATUS')), primary key (id))
Hibernate: create table sp_window (id bigint not null, room_id bigint, window_status_id bigint unique, name varchar(255) not null, primary key (id))
Hibernate: alter table if exists room add constraint FKd8lhmlwsckkrdrb6n70gt2mms foreign key (temperature_id) references sp_sensor
Hibernate: alter table if exists sp_window add constraint FK6ervto83gmt68nqxgpo4fes3d foreign key (room_id) references room
Hibernate: alter table if exists sp_window add constraint FKqdj6jbtn59whbpgt93n927yjn foreign key (window_status_id) references sp_sensor
2023-12-03T23:16:20.640+01:00  INFO 5196 --- [    Test worker] j.LocalContainerEntityManagerFactoryBean : Initialized JPA EntityManagerFactory for persistence unit 'default'
2023-12-03T23:16:20.955+01:00  INFO 5196 --- [    Test worker] c.e.spring.automacorp.dao.RoomDaoTest    : Started RoomDaoTest in 0.978 seconds (process running for 17.298)
Hibernate: select r1_0.id,r1_0.floor,r1_0.name,r1_0.target_temperature,t1_0.id,t1_0.name,t1_0.sensor_type,t1_0.sensor_value from room r1_0 left join sp_sensor t1_0 on t1_0.id=r1_0.temperature_id where r1_0.id=?
]]></system-out>
  <system-err><![CDATA[]]></system-err>
</testsuite>
