<?xml version="1.0" encoding="UTF-8"?>
<testsuite name="com.emse.spring.automacorp.dao.WindowDaoTest" tests="3" skipped="0" failures="0" errors="0" timestamp="2023-12-03T22:16:21" hostname="DESKTOP-35ABBQB" time="0.286">
  <properties/>
  <testcase name="shouldNotFindRoomsWithOpenWindows()" classname="com.emse.spring.automacorp.dao.WindowDaoTest" time="0.229"/>
  <testcase name="shouldFindAWindowById()" classname="com.emse.spring.automacorp.dao.WindowDaoTest" time="0.012"/>
  <testcase name="shouldFindRoomsWithOpenWindows()" classname="com.emse.spring.automacorp.dao.WindowDaoTest" time="0.036"/>
  <system-out><![CDATA[2023-12-03T23:16:21.174+01:00  INFO 5196 --- [    Test worker] t.c.s.AnnotationConfigContextLoaderUtils : Could not detect default configuration classes for test class [com.emse.spring.automacorp.dao.WindowDaoTest]: WindowDaoTest does not declare any static, non-private, non-final, nested classes annotated with @Configuration.
2023-12-03T23:16:21.193+01:00  INFO 5196 --- [    Test worker] .b.t.c.SpringBootTestContextBootstrapper : Found @SpringBootConfiguration com.emse.spring.automacorp.AutomacorpApplication for test class com.emse.spring.automacorp.dao.WindowDaoTest
Hibernate: select w1_0.id,w1_0.name,w1_0.room_id,w1_0.window_status_id from sp_window w1_0 join sp_sensor w2_0 on w2_0.id=w1_0.window_status_id where w1_0.room_id=? and w2_0.sensor_value>0.0 order by w1_0.name
Hibernate: select w1_0.id,w1_0.name,r1_0.id,r1_0.floor,r1_0.name,r1_0.target_temperature,t1_0.id,t1_0.name,t1_0.sensor_type,t1_0.sensor_value,w2_0.id,w2_0.name,w2_0.sensor_type,w2_0.sensor_value from sp_window w1_0 left join room r1_0 on r1_0.id=w1_0.room_id left join sp_sensor t1_0 on t1_0.id=r1_0.temperature_id left join sp_sensor w2_0 on w2_0.id=w1_0.window_status_id where w1_0.id=?
Hibernate: select w1_0.id,w1_0.name,w1_0.room_id,w1_0.window_status_id from sp_window w1_0 join sp_sensor w2_0 on w2_0.id=w1_0.window_status_id where w1_0.room_id=? and w2_0.sensor_value>0.0 order by w1_0.name
Hibernate: select r1_0.id,r1_0.floor,r1_0.name,r1_0.target_temperature,t1_0.id,t1_0.name,t1_0.sensor_type,t1_0.sensor_value from room r1_0 left join sp_sensor t1_0 on t1_0.id=r1_0.temperature_id where r1_0.id=?
Hibernate: select s1_0.id,s1_0.name,s1_0.sensor_type,s1_0.sensor_value from sp_sensor s1_0 where s1_0.id=?
]]></system-out>
  <system-err><![CDATA[]]></system-err>
</testsuite>
