<?xml version="1.0" encoding="UTF-8"?>
<testsuite name="com.emse.spring.automacorp.REST.RoomMapperTest" tests="1" skipped="0" failures="0" errors="0" timestamp="2023-12-03T22:16:19" hostname="DESKTOP-35ABBQB" time="0.124">
  <properties/>
  <testcase name="shouldMapRoom()" classname="com.emse.spring.automacorp.REST.RoomMapperTest" time="0.124"/>
  <system-out><![CDATA[]]></system-out>
  <system-err><![CDATA[]]></system-err>
</testsuite>
